{"/Users/Jai/jaycody/bdd-js/lib/adder.js":{"path":"/Users/Jai/jaycody/bdd-js/lib/adder.js","s":{"1":1,"2":16,"3":2,"4":14,"5":2,"6":12,"7":12,"8":0,"9":0,"10":0,"11":12,"12":20,"13":8,"14":8,"15":4,"16":8},"b":{"1":[2,14],"2":[2,12],"3":[0,12],"4":[8,12],"5":[4,4]},"f":{"1":16},"fnMap":{"1":{"name":"(anonymous_1)","line":1,"loc":{"start":{"line":1,"column":17},"end":{"line":1,"column":31}}}},"statementMap":{"1":{"start":{"line":1,"column":0},"end":{"line":35,"column":2}},"2":{"start":{"line":9,"column":2},"end":{"line":11,"column":7}},"3":{"start":{"line":10,"column":6},"end":{"line":10,"column":39}},"4":{"start":{"line":13,"column":2},"end":{"line":15,"column":7}},"5":{"start":{"line":14,"column":4},"end":{"line":14,"column":36}},"6":{"start":{"line":17,"column":2},"end":{"line":17,"column":24}},"7":{"start":{"line":19,"column":2},"end":{"line":23,"column":3}},"8":{"start":{"line":20,"column":4},"end":{"line":20,"column":61}},"9":{"start":{"line":21,"column":4},"end":{"line":21,"column":55}},"10":{"start":{"line":22,"column":4},"end":{"line":22,"column":36}},"11":{"start":{"line":25,"column":2},"end":{"line":33,"column":3}},"12":{"start":{"line":27,"column":4},"end":{"line":32,"column":5}},"13":{"start":{"line":28,"column":6},"end":{"line":28,"column":46}},"14":{"start":{"line":29,"column":6},"end":{"line":31,"column":7}},"15":{"start":{"line":30,"column":8},"end":{"line":30,"column":27}},"16":{"start":{"line":34,"column":2},"end":{"line":34,"column":35}}},"branchMap":{"1":{"line":9,"type":"if","locations":[{"start":{"line":9,"column":2},"end":{"line":9,"column":2}},{"start":{"line":9,"column":2},"end":{"line":9,"column":2}}]},"2":{"line":13,"type":"if","locations":[{"start":{"line":13,"column":2},"end":{"line":13,"column":2}},{"start":{"line":13,"column":2},"end":{"line":13,"column":2}}]},"3":{"line":19,"type":"if","locations":[{"start":{"line":19,"column":2},"end":{"line":19,"column":2}},{"start":{"line":19,"column":2},"end":{"line":19,"column":2}}]},"4":{"line":27,"type":"if","locations":[{"start":{"line":27,"column":4},"end":{"line":27,"column":4}},{"start":{"line":27,"column":4},"end":{"line":27,"column":4}}]},"5":{"line":29,"type":"if","locations":[{"start":{"line":29,"column":6},"end":{"line":29,"column":6}},{"start":{"line":29,"column":6},"end":{"line":29,"column":6}}]}}},"/Users/Jai/jaycody/bdd-js/lib/validator.js":{"path":"/Users/Jai/jaycody/bdd-js/lib/validator.js","s":{"1":1,"2":0},"b":{},"f":{"1":0},"fnMap":{"1":{"name":"(anonymous_1)","line":1,"loc":{"start":{"line":1,"column":17},"end":{"line":1,"column":28}}}},"statementMap":{"1":{"start":{"line":1,"column":0},"end":{"line":3,"column":2}},"2":{"start":{"line":2,"column":2},"end":{"line":2,"column":31}}},"branchMap":{}}}