TN:
SF:/Users/Jai/jaycody/bdd-js/lib/adder.js
FN:1,(anonymous_1)
FNF:1
FNH:1
FNDA:16,(anonymous_1)
DA:1,1
DA:9,16
DA:10,2
DA:13,14
DA:14,2
DA:17,12
DA:19,12
DA:20,0
DA:21,0
DA:22,0
DA:25,12
DA:27,20
DA:28,8
DA:29,8
DA:30,4
DA:34,8
LF:16
LH:13
BRDA:9,1,0,2
BRDA:9,1,1,14
BRDA:13,2,0,2
BRDA:13,2,1,12
BRDA:19,3,0,0
BRDA:19,3,1,12
BRDA:27,4,0,8
BRDA:27,4,1,12
BRDA:29,5,0,4
BRDA:29,5,1,4
BRF:10
BRH:9
end_of_record
TN:
SF:/Users/Jai/jaycody/bdd-js/lib/validator.js
FN:1,(anonymous_1)
FNF:1
FNH:0
FNDA:0,(anonymous_1)
DA:1,1
DA:2,0
LF:2
LH:1
BRF:0
BRH:0
end_of_record
